<?xml version="1.0" encoding="UTF-8"?>
<!-- Generated by org.testng.reporters.JUnitReportReporter -->
<testsuite hostname="DESKTOP-33C2FHH" failures="0" tests="1" name="pages.RoughTest" time="0.504" errors="0" timestamp="2025-06-01T04:40:16 IST" skipped="0">
  <testcase classname="pages.RoughTest" name="f" time="0.504"/>
</testsuite> <!-- pages.RoughTest -->
