<?xml version="1.0" encoding="UTF-8"?>
<!-- Generated by org.testng.reporters.JUnitReportReporter -->
<testsuite hostname="DESKTOP-33C2FHH" failures="0" tests="1" name="pages.NewTest" time="0.358" errors="0" timestamp="2025-06-01T01:53:35 IST" skipped="0">
  <testcase classname="pages.NewTest" name="f" time="0.358"/>
</testsuite> <!-- pages.NewTest -->
